Using pre-set license
Built from '2020.3/staging' branch; Version is '2020.3.16f1 (049d6eca3c44) revision 302446'; Using compiler version '192528614'; Build Type 'Release'
OS: 'Windows 10 Home; OS build 22000.318; Version 2009; 64bit' Language: 'nl' Physical Memory: 7871 MB
BatchMode: 1, IsHumanControllingUs: 0, StartBugReporterOnCrash: 0, Is64bit: 1, IsPro: 0

 COMMAND LINE ARGUMENTS:
C:\Users\xande\OneDrive\Documents\Game making Unity\2020.3.16f1\Editor\Unity.exe
-adb2
-batchMode
-noUpm
-name
AssetImportWorker0
-projectPath
C:/Users/xande/OneDrive/Bureaublad/-PWS-/PWS
-logFile
Logs/AssetImportWorker0.log
-srvPort
50437
Successfully changed project path to: C:/Users/xande/OneDrive/Bureaublad/-PWS-/PWS
C:/Users/xande/OneDrive/Bureaublad/-PWS-/PWS
Using Asset Import Pipeline V2.
Refreshing native plugins compatible for Editor in 45.56 ms, found 4 plugins.
Preloading 0 native plugins for Editor in 0.00 ms.
Initialize engine version: 2020.3.16f1 (049d6eca3c44)
[Subsystems] Discovering subsystems at path C:/Users/xande/OneDrive/Documents/Game making Unity/2020.3.16f1/Editor/Data/Resources/UnitySubsystems
[Subsystems] Discovering subsystems at path C:/Users/xande/OneDrive/Bureaublad/-PWS-/PWS/Assets
GfxDevice: creating device client; threaded=0
Direct3D:
    Version:  Direct3D 11.0 [level 11.1]
    Renderer: Intel(R) Iris(R) Xe Graphics (ID=0x9a49)
    Vendor:   
    VRAM:     3935 MB
    Driver:   30.0.100.9929
Initialize mono
Mono path[0] = 'C:/Users/xande/OneDrive/Documents/Game making Unity/2020.3.16f1/Editor/Data/Managed'
Mono path[1] = 'C:/Users/xande/OneDrive/Documents/Game making Unity/2020.3.16f1/Editor/Data/MonoBleedingEdge/lib/mono/unityjit'
Mono config path = 'C:/Users/xande/OneDrive/Documents/Game making Unity/2020.3.16f1/Editor/Data/MonoBleedingEdge/etc'
Using monoOptions --debugger-agent=transport=dt_socket,embedding=1,server=y,suspend=n,address=127.0.0.1:56804
Begin MonoManager ReloadAssembly
Registering precompiled unity dll's ...
Register platform support module: C:/Users/xande/OneDrive/Documents/Game making Unity/2020.3.16f1/Editor/Data/PlaybackEngines/WindowsStandaloneSupport/UnityEditor.WindowsStandalone.Extensions.dll
Registered in 0.001208 seconds.
Native extension for WindowsStandalone target not found
Refreshing native plugins compatible for Editor in 78.45 ms, found 4 plugins.
Preloading 0 native plugins for Editor in 0.00 ms.
Mono: successfully reloaded assembly
- Completed reload, in  1.198 seconds
Domain Reload Profiling:
	ReloadAssembly (1198ms)
		BeginReloadAssembly (50ms)
			ExecutionOrderSort (0ms)
			DisableScriptedObjects (0ms)
			BackupInstance (0ms)
			ReleaseScriptingObjects (0ms)
			CreateAndSetChildDomain (1ms)
		EndReloadAssembly (551ms)
			LoadAssemblies (48ms)
			RebuildTransferFunctionScriptingTraits (0ms)
			SetupTypeCache (143ms)
			ReleaseScriptCaches (0ms)
			RebuildScriptCaches (59ms)
			SetupLoadedEditorAssemblies (245ms)
				LogAssemblyErrors (0ms)
				InitializePlatformSupportModulesInManaged (4ms)
				SetLoadedEditorAssemblies (0ms)
				RefreshPlugins (79ms)
				BeforeProcessingInitializeOnLoad (9ms)
				ProcessInitializeOnLoadAttributes (116ms)
				ProcessInitializeOnLoadMethodAttributes (37ms)
				AfterProcessingInitializeOnLoad (0ms)
				EditorAssembliesLoaded (0ms)
			ExecutionOrderSort2 (0ms)
			AwakeInstancesAfterBackupRestoration (0ms)
Platform modules already initialized, skipping
Registering precompiled user dll's ...
Registered in 0.003549 seconds.
Begin MonoManager ReloadAssembly
Native extension for WindowsStandalone target not found
Refreshing native plugins compatible for Editor in 45.47 ms, found 4 plugins.
Preloading 0 native plugins for Editor in 0.00 ms.
Mono: successfully reloaded assembly
- Completed reload, in  1.250 seconds
Domain Reload Profiling:
	ReloadAssembly (1251ms)
		BeginReloadAssembly (128ms)
			ExecutionOrderSort (0ms)
			DisableScriptedObjects (4ms)
			BackupInstance (0ms)
			ReleaseScriptingObjects (0ms)
			CreateAndSetChildDomain (19ms)
		EndReloadAssembly (1057ms)
			LoadAssemblies (77ms)
			RebuildTransferFunctionScriptingTraits (0ms)
			SetupTypeCache (293ms)
			ReleaseScriptCaches (0ms)
			RebuildScriptCaches (95ms)
			SetupLoadedEditorAssemblies (441ms)
				LogAssemblyErrors (0ms)
				InitializePlatformSupportModulesInManaged (3ms)
				SetLoadedEditorAssemblies (0ms)
				RefreshPlugins (46ms)
				BeforeProcessingInitializeOnLoad (88ms)
				ProcessInitializeOnLoadAttributes (281ms)
				ProcessInitializeOnLoadMethodAttributes (19ms)
				AfterProcessingInitializeOnLoad (4ms)
				EditorAssembliesLoaded (0ms)
			ExecutionOrderSort2 (0ms)
			AwakeInstancesAfterBackupRestoration (7ms)
Platform modules already initialized, skipping
========================================================================
Worker process is ready to serve import requests
Launched and connected shader compiler UnityShaderCompiler.exe after 0.07 seconds
Refreshing native plugins compatible for Editor in 0.43 ms, found 4 plugins.
Preloading 0 native plugins for Editor in 0.00 ms.
Unloading 2290 Unused Serialized files (Serialized files now loaded: 0)
System memory in use before: 101.5 MB.
System memory in use after: 101.6 MB.

Unloading 30 unused Assets to reduce memory usage. Loaded Objects now: 2727.
Total: 3.203200 ms (FindLiveObjects: 0.184800 ms CreateObjectMapping: 0.061200 ms MarkObjects: 2.827200 ms  DeleteObjects: 0.128800 ms)

AssetImportParameters requested are different than current active one (requested -> active):
  custom:framework-win-MediaFoundation: 216162199b28c13a410421893ffa2e32 -> 
  custom:video-decoder-ogg-theora: a1e56fd34408186e4bbccfd4996cb3dc -> 
  custom:container-muxer-webm: aa71ff27fc2769a1b78a27578f13a17b -> 
  custom:container-demuxer-webm: 4f35f7cbe854078d1ac9338744f61a02 -> 
  custom:container-demuxer-ogg: 62fdf1f143b41e24485cea50d1cbac27 -> 
  custom:video-encoder-webm-vp8: eb34c28f22e8b96e1ab97ce403110664 -> 
  custom:video-decoder-webm-vp8: 9c59270c3fd7afecdb556c50c9e8de78 -> 
  custom:audio-decoder-ogg-vorbis: bf7c407c2cedff20999df2af8eb42d56 -> 
  custom:audio-encoder-webm-vorbis: bf7c407c2cedff20999df2af8eb42d56 -> 
========================================================================
Received Import Request.
  path: Assets/Animations
  artifactKey: Guid(ef5352d9977214e428140f65596b7fb5) Importer(815301076,1909f56bfc062723c751e8b465ee728b)
Start importing Assets/Animations using Guid(ef5352d9977214e428140f65596b7fb5) Importer(815301076,1909f56bfc062723c751e8b465ee728b)  -> (artifact id: '35856e4a664309e6202691700e666bc4') in 0.019245 seconds 
  Import took 0.024658 seconds .

========================================================================
Received Import Request.
  Time since last request: 81.864032 seconds.
  path: Assets/Art/A_Key_Dark.png
  artifactKey: Guid(e081a35fec4f6b147948afe9bc707c63) Importer(815301076,1909f56bfc062723c751e8b465ee728b)
Start importing Assets/Art/A_Key_Dark.png using Guid(e081a35fec4f6b147948afe9bc707c63) Importer(815301076,1909f56bfc062723c751e8b465ee728b)  -> (artifact id: '0297eafdf3a4cd61daf4e39c7b10e6d5') in 0.116068 seconds 
  Import took 0.121825 seconds .

========================================================================
Received Import Request.
  Time since last request: 23.285873 seconds.
  path: Assets/Art/Buttons
  artifactKey: Guid(84a05b64bf6184249a0799db72b7d9d9) Importer(815301076,1909f56bfc062723c751e8b465ee728b)
Start importing Assets/Art/Buttons using Guid(84a05b64bf6184249a0799db72b7d9d9) Importer(815301076,1909f56bfc062723c751e8b465ee728b)  -> (artifact id: 'a75bf94cdca509c5d77746381193c974') in 0.012374 seconds 
  Import took 0.020950 seconds .

========================================================================
Received Import Request.
  Time since last request: 0.003769 seconds.
  path: Assets/Art/Buttons
  artifactKey: Guid(84a05b64bf6184249a0799db72b7d9d9) Importer(815301076,1909f56bfc062723c751e8b465ee728b)
Start importing Assets/Art/Buttons using Guid(84a05b64bf6184249a0799db72b7d9d9) Importer(815301076,1909f56bfc062723c751e8b465ee728b)  -> (artifact id: 'a75bf94cdca509c5d77746381193c974') in 0.004675 seconds 
  Import took 0.010698 seconds .

========================================================================
Received Import Request.
  Time since last request: 10.623138 seconds.
  path: Assets/Art/Natuurkunde
  artifactKey: Guid(76d121a5b585ad242a869e1c60e5f591) Importer(815301076,1909f56bfc062723c751e8b465ee728b)
Start importing Assets/Art/Natuurkunde using Guid(76d121a5b585ad242a869e1c60e5f591) Importer(815301076,1909f56bfc062723c751e8b465ee728b)  -> (artifact id: 'ad17d41ed3f281870f0d630ed624a625') in 0.015451 seconds 
  Import took 0.022114 seconds .

========================================================================
Received Import Request.
  Time since last request: 109.229886 seconds.
  path: Assets/Art/Buttons/E_Key_Dark.png
  artifactKey: Guid(0a49aebd8d531b147923feeb30e1e46b) Importer(815301076,1909f56bfc062723c751e8b465ee728b)
Start importing Assets/Art/Buttons/E_Key_Dark.png using Guid(0a49aebd8d531b147923feeb30e1e46b) Importer(815301076,1909f56bfc062723c751e8b465ee728b)  -> (artifact id: '95460e4200fea0cc8503b2406bcedff6') in 0.022188 seconds 
  Import took 0.028998 seconds .

========================================================================
Received Import Request.
  Time since last request: 0.000471 seconds.
  path: Assets/Art/Buttons/E_Key_Dark.png
  artifactKey: Guid(0a49aebd8d531b147923feeb30e1e46b) Importer(815301076,1909f56bfc062723c751e8b465ee728b)
Start importing Assets/Art/Buttons/E_Key_Dark.png using Guid(0a49aebd8d531b147923feeb30e1e46b) Importer(815301076,1909f56bfc062723c751e8b465ee728b)  -> (artifact id: '95460e4200fea0cc8503b2406bcedff6') in 0.014226 seconds 
  Import took 0.019032 seconds .

========================================================================
Received Import Request.
  Time since last request: 3.771804 seconds.
  path: Assets/Art/Buttons/D_Key_Dark.png
  artifactKey: Guid(802b0d257db1b614d8c5499473b235b4) Importer(815301076,1909f56bfc062723c751e8b465ee728b)
Start importing Assets/Art/Buttons/D_Key_Dark.png using Guid(802b0d257db1b614d8c5499473b235b4) Importer(815301076,1909f56bfc062723c751e8b465ee728b)  -> (artifact id: '150edde4f6cf2acd6da21cb3a290a632') in 0.020413 seconds 
  Import took 0.025804 seconds .

========================================================================
Received Import Request.
  Time since last request: 16.281713 seconds.
  path: Assets/Art/Buttons/A_Key_Dark.png
  artifactKey: Guid(bcb96ac249d552d4ea9721bd79b52259) Importer(815301076,1909f56bfc062723c751e8b465ee728b)
Start importing Assets/Art/Buttons/A_Key_Dark.png using Guid(bcb96ac249d552d4ea9721bd79b52259) Importer(815301076,1909f56bfc062723c751e8b465ee728b)  -> (artifact id: '30ae51f9dd15026dd8d481bd9a9758f7') in 0.024329 seconds 
  Import took 0.034214 seconds .

========================================================================
Received Import Request.
  Time since last request: 31.676889 seconds.
  path: Assets/Art/Buttons/Enter_Key_Dark.png
  artifactKey: Guid(a7eab18babf47384393aa183452282ff) Importer(815301076,1909f56bfc062723c751e8b465ee728b)
Start importing Assets/Art/Buttons/Enter_Key_Dark.png using Guid(a7eab18babf47384393aa183452282ff) Importer(815301076,1909f56bfc062723c751e8b465ee728b)  -> (artifact id: '77f291f11384b802983d369f02dd8576') in 0.026047 seconds 
  Import took 0.036552 seconds .

========================================================================
Received Import Request.
  Time since last request: 12.161494 seconds.
  path: Assets/Art/Buttons/S_Key_Dark.png
  artifactKey: Guid(3604243238e28f64a97980a2dcae935e) Importer(815301076,1909f56bfc062723c751e8b465ee728b)
Start importing Assets/Art/Buttons/S_Key_Dark.png using Guid(3604243238e28f64a97980a2dcae935e) Importer(815301076,1909f56bfc062723c751e8b465ee728b)  -> (artifact id: '9dc0bc14a10cf4b1e0c5e7f0ca38caa1') in 0.026162 seconds 
  Import took 0.036316 seconds .

========================================================================
Received Import Request.
  Time since last request: 6.109073 seconds.
  path: Assets/Art/Buttons/W_Key_Dark.png
  artifactKey: Guid(0c4281b173f48334ba04f74667d2ecee) Importer(815301076,1909f56bfc062723c751e8b465ee728b)
Start importing Assets/Art/Buttons/W_Key_Dark.png using Guid(0c4281b173f48334ba04f74667d2ecee) Importer(815301076,1909f56bfc062723c751e8b465ee728b)  -> (artifact id: '735cc3fd571a683954807f39268bf9a8') in 0.025354 seconds 
  Import took 0.037565 seconds .

